14:34:25.319 ERROR  /sendpassword/user/v1  
14:36:21.081 ERROR  /sendpassword/user/v1  
14:36:57.057 ERROR  /sendpassword/user/v1  
07:32:10.660 ERROR Variable `user` not defined (line 1, column 69 (offset: 68))
"MATCH (n:TRAINER {email:$email }) SET n.password = $password RETURN user"
                                                                     ^
Neo4jError: Variable `user` not defined (line 1, column 69 (offset: 68))
"MATCH (n:TRAINER {email:$email }) SET n.password = $password RETURN user"
                                                                     ^

    at captureStacktrace (/Users/ricardohinds/Documents/ReactNativeProjects/devAPI/node_modules/neo4j-driver/lib/v1/result.js:200:15)
    at new Result (/Users/ricardohinds/Documents/ReactNativeProjects/devAPI/node_modules/neo4j-driver/lib/v1/result.js:73:19)
    at Session._run (/Users/ricardohinds/Documents/ReactNativeProjects/devAPI/node_modules/neo4j-driver/lib/v1/session.js:122:14)
    at Session.run (/Users/ricardohinds/Documents/ReactNativeProjects/devAPI/node_modules/neo4j-driver/lib/v1/session.js:101:19)
    at /Users/ricardohinds/Documents/ReactNativeProjects/devAPI/apps/buildfit/user.js:972:16
    at <anonymous>
    at process._tickDomainCallback (internal/process/next_tick.js:228:7) /sendpassword/user/v1  
07:32:53.186 ERROR Variable `user` not defined (line 1, column 69 (offset: 68))
"MATCH (n:TRAINER {email:$email }) SET n.password = $password RETURN user"
                                                                     ^
Neo4jError: Variable `user` not defined (line 1, column 69 (offset: 68))
"MATCH (n:TRAINER {email:$email }) SET n.password = $password RETURN user"
                                                                     ^

    at captureStacktrace (/Users/ricardohinds/Documents/ReactNativeProjects/devAPI/node_modules/neo4j-driver/lib/v1/result.js:200:15)
    at new Result (/Users/ricardohinds/Documents/ReactNativeProjects/devAPI/node_modules/neo4j-driver/lib/v1/result.js:73:19)
    at Session._run (/Users/ricardohinds/Documents/ReactNativeProjects/devAPI/node_modules/neo4j-driver/lib/v1/session.js:122:14)
    at Session.run (/Users/ricardohinds/Documents/ReactNativeProjects/devAPI/node_modules/neo4j-driver/lib/v1/session.js:101:19)
    at /Users/ricardohinds/Documents/ReactNativeProjects/devAPI/apps/buildfit/user.js:972:16
    at <anonymous>
    at process._tickDomainCallback (internal/process/next_tick.js:228:7) /sendpassword/user/v1  
07:34:58.289 ERROR Variable `user` not defined (line 1, column 69 (offset: 68))
"MATCH (n:TRAINER {email:$email }) SET n.password = $password RETURN user"
                                                                     ^
Neo4jError: Variable `user` not defined (line 1, column 69 (offset: 68))
"MATCH (n:TRAINER {email:$email }) SET n.password = $password RETURN user"
                                                                     ^

    at captureStacktrace (/Users/ricardohinds/Documents/ReactNativeProjects/devAPI/node_modules/neo4j-driver/lib/v1/result.js:200:15)
    at new Result (/Users/ricardohinds/Documents/ReactNativeProjects/devAPI/node_modules/neo4j-driver/lib/v1/result.js:73:19)
    at Session._run (/Users/ricardohinds/Documents/ReactNativeProjects/devAPI/node_modules/neo4j-driver/lib/v1/session.js:122:14)
    at Session.run (/Users/ricardohinds/Documents/ReactNativeProjects/devAPI/node_modules/neo4j-driver/lib/v1/session.js:101:19)
    at /Users/ricardohinds/Documents/ReactNativeProjects/devAPI/apps/buildfit/user.js:972:16
    at <anonymous>
    at process._tickDomainCallback (internal/process/next_tick.js:228:7) /sendpassword/user/v1  
07:35:15.588 ERROR Variable `user` not defined (line 1, column 69 (offset: 68))
"MATCH (n:TRAINER {email:$email }) SET n.password = $password RETURN user"
                                                                     ^
Neo4jError: Variable `user` not defined (line 1, column 69 (offset: 68))
"MATCH (n:TRAINER {email:$email }) SET n.password = $password RETURN user"
                                                                     ^

    at captureStacktrace (/Users/ricardohinds/Documents/ReactNativeProjects/devAPI/node_modules/neo4j-driver/lib/v1/result.js:200:15)
    at new Result (/Users/ricardohinds/Documents/ReactNativeProjects/devAPI/node_modules/neo4j-driver/lib/v1/result.js:73:19)
    at Session._run (/Users/ricardohinds/Documents/ReactNativeProjects/devAPI/node_modules/neo4j-driver/lib/v1/session.js:122:14)
    at Session.run (/Users/ricardohinds/Documents/ReactNativeProjects/devAPI/node_modules/neo4j-driver/lib/v1/session.js:101:19)
    at /Users/ricardohinds/Documents/ReactNativeProjects/devAPI/apps/buildfit/user.js:972:16
    at <anonymous>
    at process._tickDomainCallback (internal/process/next_tick.js:228:7) /sendpassword/user/v1  
07:37:24.411 ERROR Variable `user` not defined (line 1, column 69 (offset: 68))
"MATCH (n:TRAINER {email:$email }) SET n.password = $password RETURN user"
                                                                     ^
Neo4jError: Variable `user` not defined (line 1, column 69 (offset: 68))
"MATCH (n:TRAINER {email:$email }) SET n.password = $password RETURN user"
                                                                     ^

    at captureStacktrace (/Users/ricardohinds/Documents/ReactNativeProjects/devAPI/node_modules/neo4j-driver/lib/v1/result.js:200:15)
    at new Result (/Users/ricardohinds/Documents/ReactNativeProjects/devAPI/node_modules/neo4j-driver/lib/v1/result.js:73:19)
    at Session._run (/Users/ricardohinds/Documents/ReactNativeProjects/devAPI/node_modules/neo4j-driver/lib/v1/session.js:122:14)
    at Session.run (/Users/ricardohinds/Documents/ReactNativeProjects/devAPI/node_modules/neo4j-driver/lib/v1/session.js:101:19)
    at /Users/ricardohinds/Documents/ReactNativeProjects/devAPI/apps/buildfit/user.js:972:16
    at <anonymous>
    at process._tickDomainCallback (internal/process/next_tick.js:228:7) /sendpassword/user/v1  
07:38:43.477 ERROR Variable `user` not defined (line 1, column 69 (offset: 68))
"MATCH (n:TRAINER {email:$email }) SET n.password = $password RETURN user"
                                                                     ^
Neo4jError: Variable `user` not defined (line 1, column 69 (offset: 68))
"MATCH (n:TRAINER {email:$email }) SET n.password = $password RETURN user"
                                                                     ^

    at captureStacktrace (/Users/ricardohinds/Documents/ReactNativeProjects/devAPI/node_modules/neo4j-driver/lib/v1/result.js:200:15)
    at new Result (/Users/ricardohinds/Documents/ReactNativeProjects/devAPI/node_modules/neo4j-driver/lib/v1/result.js:73:19)
    at Session._run (/Users/ricardohinds/Documents/ReactNativeProjects/devAPI/node_modules/neo4j-driver/lib/v1/session.js:122:14)
    at Session.run (/Users/ricardohinds/Documents/ReactNativeProjects/devAPI/node_modules/neo4j-driver/lib/v1/session.js:101:19)
    at /Users/ricardohinds/Documents/ReactNativeProjects/devAPI/apps/buildfit/user.js:972:16
    at <anonymous>
    at process._tickDomainCallback (internal/process/next_tick.js:228:7) bf/urfittrainer/set/then/sendpassword/user/login/v1 
10:41:04.037 ERROR Variable `user` not defined (line 1, column 69 (offset: 68))
"MATCH (n:TRAINER {email:$email }) SET n.password = $password RETURN user"
                                                                     ^
Neo4jError: Variable `user` not defined (line 1, column 69 (offset: 68))
"MATCH (n:TRAINER {email:$email }) SET n.password = $password RETURN user"
                                                                     ^

    at captureStacktrace (/Users/ricardohinds/Documents/ReactNativeProjects/devAPI/node_modules/neo4j-driver/lib/v1/result.js:200:15)
    at new Result (/Users/ricardohinds/Documents/ReactNativeProjects/devAPI/node_modules/neo4j-driver/lib/v1/result.js:73:19)
    at Session._run (/Users/ricardohinds/Documents/ReactNativeProjects/devAPI/node_modules/neo4j-driver/lib/v1/session.js:122:14)
    at Session.run (/Users/ricardohinds/Documents/ReactNativeProjects/devAPI/node_modules/neo4j-driver/lib/v1/session.js:101:19)
    at /Users/ricardohinds/Documents/ReactNativeProjects/devAPI/apps/buildfit/user.js:972:16
    at <anonymous>
    at process._tickDomainCallback (internal/process/next_tick.js:228:7) bf/urfittrainer/set/then/sendpassword/user/login/v1 
10:41:23.699 ERROR Variable `user` not defined (line 1, column 69 (offset: 68))
"MATCH (n:TRAINER {email:$email }) SET n.password = $password RETURN user"
                                                                     ^
Neo4jError: Variable `user` not defined (line 1, column 69 (offset: 68))
"MATCH (n:TRAINER {email:$email }) SET n.password = $password RETURN user"
                                                                     ^

    at captureStacktrace (/Users/ricardohinds/Documents/ReactNativeProjects/devAPI/node_modules/neo4j-driver/lib/v1/result.js:200:15)
    at new Result (/Users/ricardohinds/Documents/ReactNativeProjects/devAPI/node_modules/neo4j-driver/lib/v1/result.js:73:19)
    at Session._run (/Users/ricardohinds/Documents/ReactNativeProjects/devAPI/node_modules/neo4j-driver/lib/v1/session.js:122:14)
    at Session.run (/Users/ricardohinds/Documents/ReactNativeProjects/devAPI/node_modules/neo4j-driver/lib/v1/session.js:101:19)
    at /Users/ricardohinds/Documents/ReactNativeProjects/devAPI/apps/buildfit/user.js:972:16
    at <anonymous>
    at process._tickDomainCallback (internal/process/next_tick.js:228:7) bf/urfittrainer/set/then/sendpassword/user/login/v1 
13:34:17.013 ERROR Variable `user` not defined (line 1, column 69 (offset: 68))
"MATCH (n:TRAINER {email:$email }) SET n.password = $password RETURN user"
                                                                     ^
Neo4jError: Variable `user` not defined (line 1, column 69 (offset: 68))
"MATCH (n:TRAINER {email:$email }) SET n.password = $password RETURN user"
                                                                     ^

    at captureStacktrace (/Users/ricardohinds/Documents/ReactNativeProjects/devAPI/node_modules/neo4j-driver/lib/v1/result.js:200:15)
    at new Result (/Users/ricardohinds/Documents/ReactNativeProjects/devAPI/node_modules/neo4j-driver/lib/v1/result.js:73:19)
    at Session._run (/Users/ricardohinds/Documents/ReactNativeProjects/devAPI/node_modules/neo4j-driver/lib/v1/session.js:122:14)
    at Session.run (/Users/ricardohinds/Documents/ReactNativeProjects/devAPI/node_modules/neo4j-driver/lib/v1/session.js:101:19)
    at /Users/ricardohinds/Documents/ReactNativeProjects/devAPI/apps/buildfit/user.js:972:16
    at <anonymous>
    at process._tickDomainCallback (internal/process/next_tick.js:228:7) bf/urfittrainer/set/then/sendpassword/user/login/v1 
13:35:50.261 ERROR Expected a parameter named password
Neo4jError: Expected a parameter named password

    at captureStacktrace (/Users/ricardohinds/Documents/ReactNativeProjects/devAPI/node_modules/neo4j-driver/lib/v1/result.js:200:15)
    at new Result (/Users/ricardohinds/Documents/ReactNativeProjects/devAPI/node_modules/neo4j-driver/lib/v1/result.js:73:19)
    at Session._run (/Users/ricardohinds/Documents/ReactNativeProjects/devAPI/node_modules/neo4j-driver/lib/v1/session.js:122:14)
    at Session.run (/Users/ricardohinds/Documents/ReactNativeProjects/devAPI/node_modules/neo4j-driver/lib/v1/session.js:101:19)
    at /Users/ricardohinds/Documents/ReactNativeProjects/devAPI/apps/buildfit/user.js:972:16
    at <anonymous>
    at process._tickDomainCallback (internal/process/next_tick.js:228:7) bf/urfittrainer/set/then/sendpassword/user/login/v1 
13:36:38.982 ERROR Expected a parameter named password
Neo4jError: Expected a parameter named password

    at captureStacktrace (/Users/ricardohinds/Documents/ReactNativeProjects/devAPI/node_modules/neo4j-driver/lib/v1/result.js:200:15)
    at new Result (/Users/ricardohinds/Documents/ReactNativeProjects/devAPI/node_modules/neo4j-driver/lib/v1/result.js:73:19)
    at Session._run (/Users/ricardohinds/Documents/ReactNativeProjects/devAPI/node_modules/neo4j-driver/lib/v1/session.js:122:14)
    at Session.run (/Users/ricardohinds/Documents/ReactNativeProjects/devAPI/node_modules/neo4j-driver/lib/v1/session.js:101:19)
    at /Users/ricardohinds/Documents/ReactNativeProjects/devAPI/apps/buildfit/user.js:972:16
    at <anonymous>
    at process._tickDomainCallback (internal/process/next_tick.js:228:7) bf/urfittrainer/set/then/sendpassword/user/login/v1 
13:38:08.619 ERROR Expected a parameter named password
Neo4jError: Expected a parameter named password

    at captureStacktrace (/Users/ricardohinds/Documents/ReactNativeProjects/devAPI/node_modules/neo4j-driver/lib/v1/result.js:200:15)
    at new Result (/Users/ricardohinds/Documents/ReactNativeProjects/devAPI/node_modules/neo4j-driver/lib/v1/result.js:73:19)
    at Session._run (/Users/ricardohinds/Documents/ReactNativeProjects/devAPI/node_modules/neo4j-driver/lib/v1/session.js:122:14)
    at Session.run (/Users/ricardohinds/Documents/ReactNativeProjects/devAPI/node_modules/neo4j-driver/lib/v1/session.js:101:19)
    at /Users/ricardohinds/Documents/ReactNativeProjects/devAPI/apps/buildfit/user.js:972:16
    at <anonymous>
    at process._tickDomainCallback (internal/process/next_tick.js:228:7) bf/urfittrainer/set/then/sendpassword/user/login/v1 
13:38:16.738 ERROR Expected a parameter named password
Neo4jError: Expected a parameter named password

    at captureStacktrace (/Users/ricardohinds/Documents/ReactNativeProjects/devAPI/node_modules/neo4j-driver/lib/v1/result.js:200:15)
    at new Result (/Users/ricardohinds/Documents/ReactNativeProjects/devAPI/node_modules/neo4j-driver/lib/v1/result.js:73:19)
    at Session._run (/Users/ricardohinds/Documents/ReactNativeProjects/devAPI/node_modules/neo4j-driver/lib/v1/session.js:122:14)
    at Session.run (/Users/ricardohinds/Documents/ReactNativeProjects/devAPI/node_modules/neo4j-driver/lib/v1/session.js:101:19)
    at /Users/ricardohinds/Documents/ReactNativeProjects/devAPI/apps/buildfit/user.js:972:16
    at <anonymous>
    at process._tickDomainCallback (internal/process/next_tick.js:228:7) bf/urfittrainer/set/then/sendpassword/user/login/v1 
13:38:34.047 ERROR Expected a parameter named password
Neo4jError: Expected a parameter named password

    at captureStacktrace (/Users/ricardohinds/Documents/ReactNativeProjects/devAPI/node_modules/neo4j-driver/lib/v1/result.js:200:15)
    at new Result (/Users/ricardohinds/Documents/ReactNativeProjects/devAPI/node_modules/neo4j-driver/lib/v1/result.js:73:19)
    at Session._run (/Users/ricardohinds/Documents/ReactNativeProjects/devAPI/node_modules/neo4j-driver/lib/v1/session.js:122:14)
    at Session.run (/Users/ricardohinds/Documents/ReactNativeProjects/devAPI/node_modules/neo4j-driver/lib/v1/session.js:101:19)
    at /Users/ricardohinds/Documents/ReactNativeProjects/devAPI/apps/buildfit/user.js:972:16
    at <anonymous>
    at process._tickDomainCallback (internal/process/next_tick.js:228:7) bf/urfittrainer/set/then/sendpassword/user/login/v1 
13:42:50.755 ERROR status is not defined
ReferenceError: status is not defined
    at /Users/ricardohinds/Documents/ReactNativeProjects/devAPI/apps/buildfit/user.js:1005:28
    at <anonymous>
    at process._tickDomainCallback (internal/process/next_tick.js:228:7) bf/urfittrainer/set/then/sendpassword/user/login/v1 
13:42:51.493 ERROR bf/urfittrainer/set/then/sendpassword/user/login/v1 
14:17:05.596 ERROR status is not defined
ReferenceError: status is not defined
    at /Users/ricardohinds/Documents/ReactNativeProjects/devAPI/apps/buildfit/user.js:1005:28
    at <anonymous>
    at process._tickDomainCallback (internal/process/next_tick.js:228:7) bf/urfittrainer/set/then/sendpassword/user/login/v1 
14:17:05.971 ERROR bf/urfittrainer/set/then/sendpassword/user/login/v1 
14:18:37.969 ERROR bf/urfittrainer/set/then/sendpassword/user/login/v1 
14:19:04.649 ERROR bf/urfittrainer/set/then/sendpassword/user/login/v1 
14:19:07.077 ERROR bf/urfittrainer/set/then/sendpassword/user/login/v1 
14:19:23.829 ERROR bf/urfittrainer/set/then/sendpassword/user/login/v1 
14:26:14.645 ERROR Cannot read property 'map' of undefined
TypeError: Cannot read property 'map' of undefined
    at /Users/ricardohinds/Documents/ReactNativeProjects/devAPI/apps/buildfit/user.js:980:45
    at <anonymous>
    at process._tickDomainCallback (internal/process/next_tick.js:228:7) bf/urfittrainer/set/then/sendpassword/user/login/v1 
14:27:36.167 ERROR Cannot read property 'map' of undefined
TypeError: Cannot read property 'map' of undefined
    at /Users/ricardohinds/Documents/ReactNativeProjects/devAPI/apps/buildfit/user.js:977:51
    at <anonymous>
    at process._tickDomainCallback (internal/process/next_tick.js:228:7) bf/urfittrainer/set/then/sendpassword/user/login/v1 
14:29:49.603 ERROR Cannot read property '0' of undefined
TypeError: Cannot read property '0' of undefined
    at /Users/ricardohinds/Documents/ReactNativeProjects/devAPI/apps/buildfit/user.js:986:50
    at <anonymous>
    at process._tickDomainCallback (internal/process/next_tick.js:228:7) bf/urfittrainer/set/then/sendpassword/user/login/v1 
16:21:24.917 ERROR resultsProps is not defined
ReferenceError: resultsProps is not defined
    at /Users/ricardohinds/Documents/ReactNativeProjects/devAPI/apps/buildfit/user.js:1003:36
    at <anonymous>
    at process._tickDomainCallback (internal/process/next_tick.js:228:7) bf/urfittrainer/set/then/sendpassword/user/login/v1 
09:54:16.834 ERROR Variable `n` not defined (line 1, column 22 (offset: 21))
"MATCH (u:USER) WHERE n.email = $email OR n.original_email = $email RETURN n"
                      ^
Neo4jError: Variable `n` not defined (line 1, column 22 (offset: 21))
"MATCH (u:USER) WHERE n.email = $email OR n.original_email = $email RETURN n"
                      ^

    at captureStacktrace (/Users/ricardohinds/Documents/ReactNativeProjects/devAPI/node_modules/neo4j-driver/lib/v1/result.js:200:15)
    at new Result (/Users/ricardohinds/Documents/ReactNativeProjects/devAPI/node_modules/neo4j-driver/lib/v1/result.js:73:19)
    at Session._run (/Users/ricardohinds/Documents/ReactNativeProjects/devAPI/node_modules/neo4j-driver/lib/v1/session.js:122:14)
    at Session.run (/Users/ricardohinds/Documents/ReactNativeProjects/devAPI/node_modules/neo4j-driver/lib/v1/session.js:101:19)
    at Server.<anonymous> (/Users/ricardohinds/Documents/ReactNativeProjects/devAPI/apps/buildfit/user.js:726:10)
    at next (/Users/ricardohinds/Documents/ReactNativeProjects/devAPI/node_modules/restify/lib/server.js:1126:29)
    at f (/Users/ricardohinds/Documents/ReactNativeProjects/devAPI/node_modules/once/once.js:36:25)
    at Server.<anonymous> (/Users/ricardohinds/Documents/ReactNativeProjects/devAPI/src/index.js:41:7)
    at next (/Users/ricardohinds/Documents/ReactNativeProjects/devAPI/node_modules/restify/lib/server.js:1126:29)
    at f (/Users/ricardohinds/Documents/ReactNativeProjects/devAPI/node_modules/once/once.js:36:25) 
09:55:25.776 ERROR Expected a parameter named name
Neo4jError: Expected a parameter named name

    at captureStacktrace (/Users/ricardohinds/Documents/ReactNativeProjects/devAPI/node_modules/neo4j-driver/lib/v1/result.js:200:15)
    at new Result (/Users/ricardohinds/Documents/ReactNativeProjects/devAPI/node_modules/neo4j-driver/lib/v1/result.js:73:19)
    at Session._run (/Users/ricardohinds/Documents/ReactNativeProjects/devAPI/node_modules/neo4j-driver/lib/v1/session.js:122:14)
    at Session.run (/Users/ricardohinds/Documents/ReactNativeProjects/devAPI/node_modules/neo4j-driver/lib/v1/session.js:101:19)
    at /Users/ricardohinds/Documents/ReactNativeProjects/devAPI/apps/buildfit/user.js:743:14
    at <anonymous>
    at process._tickDomainCallback (internal/process/next_tick.js:228:7) 
09:58:22.859 ERROR client is not defined
ReferenceError: client is not defined
    at /Users/ricardohinds/Documents/ReactNativeProjects/devAPI/apps/buildfit/user.js:734:24
    at <anonymous>
    at process._tickDomainCallback (internal/process/next_tick.js:228:7) 
15:42:06.674 ERROR {"id":"tok_1DGtkwGampq78roMjB1shS0p","object":"token","card":{"id":"card_1DGtkwGampq78roMjZbGsu7z","object":"card","address_city":null,"address_country":null,"address_line1":null,"address_line1_check":null,"address_line2":null,"address_state":null,"address_zip":null,"address_zip_check":null,"brand":"Visa","country":"US","cvc_check":"pass","dynamic_last4":null,"exp_month":4,"exp_year":2030,"fingerprint":"0Npj1ireP8pWG6FB","funding":"credit","last4":"4242","metadata":{},"name":null,"tokenization_method":null},"client_ip":"136.59.254.247","created":1538509326,"livemode":false,"type":"card","used":false} 
16:02:09.708 ERROR {"id":"cus_DiKjLF4tidHp1b","object":"customer","account_balance":0,"created":1538510529,"currency":null,"default_source":"card_1DGu4KGampq78roMExjtMvAC","delinquent":false,"description":"cus_DhY8Ukx0z7GJWQ","discount":null,"email":null,"invoice_prefix":"8833699","livemode":false,"metadata":{},"shipping":null,"sources":{"object":"list","data":[{"id":"card_1DGu4KGampq78roMExjtMvAC","object":"card","address_city":null,"address_country":null,"address_line1":null,"address_line1_check":null,"address_line2":null,"address_state":null,"address_zip":null,"address_zip_check":null,"brand":"Visa","country":"US","customer":"cus_DiKjLF4tidHp1b","cvc_check":"pass","dynamic_last4":null,"exp_month":4,"exp_year":2030,"fingerprint":"0Npj1ireP8pWG6FB","funding":"credit","last4":"4242","metadata":{},"name":null,"tokenization_method":null}],"has_more":false,"total_count":1,"url":"/v1/customers/cus_DiKjLF4tidHp1b/sources"},"subscriptions":{"object":"list","data":[],"has_more":false,"total_count":0,"url":"/v1/customers/cus_DiKjLF4tidHp1b/subscriptions"},"tax_info":null,"tax_info_verification":null} 
16:15:48.529 ERROR Invalid timestamp: can be no more than five years in the future
Error: Invalid timestamp: can be no more than five years in the future
    at Constructor._Error (/Users/ricardohinds/Documents/ReactNativeProjects/devAPI/node_modules/stripe/lib/Error.js:12:17)
    at Constructor (/Users/ricardohinds/Documents/ReactNativeProjects/devAPI/node_modules/stripe/lib/utils.js:124:13)
    at new Constructor (/Users/ricardohinds/Documents/ReactNativeProjects/devAPI/node_modules/stripe/lib/utils.js:124:13)
    at Function.StripeError.generate (/Users/ricardohinds/Documents/ReactNativeProjects/devAPI/node_modules/stripe/lib/Error.js:57:12)
    at IncomingMessage.<anonymous> (/Users/ricardohinds/Documents/ReactNativeProjects/devAPI/node_modules/stripe/lib/StripeResource.js:170:39)
    at emitNone (events.js:111:20)
    at IncomingMessage.emit (events.js:208:7)
    at endReadableNT (_stream_readable.js:1064:12)
    at _combinedTickCallback (internal/process/next_tick.js:138:11)
    at process._tickDomainCallback (internal/process/next_tick.js:218:9) 
16:18:48.351 ERROR Invalid timestamp: can be no more than five years in the future
Error: Invalid timestamp: can be no more than five years in the future
    at Constructor._Error (/Users/ricardohinds/Documents/ReactNativeProjects/devAPI/node_modules/stripe/lib/Error.js:12:17)
    at Constructor (/Users/ricardohinds/Documents/ReactNativeProjects/devAPI/node_modules/stripe/lib/utils.js:124:13)
    at new Constructor (/Users/ricardohinds/Documents/ReactNativeProjects/devAPI/node_modules/stripe/lib/utils.js:124:13)
    at Function.StripeError.generate (/Users/ricardohinds/Documents/ReactNativeProjects/devAPI/node_modules/stripe/lib/Error.js:57:12)
    at IncomingMessage.<anonymous> (/Users/ricardohinds/Documents/ReactNativeProjects/devAPI/node_modules/stripe/lib/StripeResource.js:170:39)
    at emitNone (events.js:111:20)
    at IncomingMessage.emit (events.js:208:7)
    at endReadableNT (_stream_readable.js:1064:12)
    at _combinedTickCallback (internal/process/next_tick.js:138:11)
    at process._tickDomainCallback (internal/process/next_tick.js:218:9) 
16:19:30.758 ERROR Invalid timestamp: must be an integer Unix timestamp in the future.
Error: Invalid timestamp: must be an integer Unix timestamp in the future.
    at Constructor._Error (/Users/ricardohinds/Documents/ReactNativeProjects/devAPI/node_modules/stripe/lib/Error.js:12:17)
    at Constructor (/Users/ricardohinds/Documents/ReactNativeProjects/devAPI/node_modules/stripe/lib/utils.js:124:13)
    at new Constructor (/Users/ricardohinds/Documents/ReactNativeProjects/devAPI/node_modules/stripe/lib/utils.js:124:13)
    at Function.StripeError.generate (/Users/ricardohinds/Documents/ReactNativeProjects/devAPI/node_modules/stripe/lib/Error.js:57:12)
    at IncomingMessage.<anonymous> (/Users/ricardohinds/Documents/ReactNativeProjects/devAPI/node_modules/stripe/lib/StripeResource.js:170:39)
    at emitNone (events.js:111:20)
    at IncomingMessage.emit (events.js:208:7)
    at endReadableNT (_stream_readable.js:1064:12)
    at _combinedTickCallback (internal/process/next_tick.js:138:11)
    at process._tickDomainCallback (internal/process/next_tick.js:218:9) 
17:18:32.664 ERROR Cannot read property '_fields' of undefined
TypeError: Cannot read property '_fields' of undefined
    at /Users/ricardohinds/Documents/ReactNativeProjects/devAPI/apps/buildfit/plan.js:952:51
    at <anonymous>
    at process._tickDomainCallback (internal/process/next_tick.js:228:7) 
17:29:46.129 ERROR Cannot read property '_fields' of undefined
TypeError: Cannot read property '_fields' of undefined
    at /Users/ricardohinds/Documents/ReactNativeProjects/devAPI/apps/buildfit/plan.js:953:51
    at <anonymous>
    at process._tickDomainCallback (internal/process/next_tick.js:228:7) 
17:39:52.498 ERROR Cannot read property '_fields' of undefined
TypeError: Cannot read property '_fields' of undefined
    at /Users/ricardohinds/Documents/ReactNativeProjects/devAPI/apps/buildfit/plan.js:953:51
    at <anonymous>
    at process._tickDomainCallback (internal/process/next_tick.js:228:7) 
