0 info it worked if it ends with ok
1 verbose cli [ '/usr/local/Cellar/node/5.0.0/bin/node',
1 verbose cli   '/usr/local/bin/npm',
1 verbose cli   'start',
1 verbose cli   'dev' ]
2 info using npm@3.3.9
3 info using node@v5.0.0
4 verbose run-script [ 'prestart', 'start', 'poststart' ]
5 info lifecycle dev-api@1.0.0~prestart: dev-api@1.0.0
6 verbose lifecycle dev-api@1.0.0~prestart: unsafe-perm in lifecycle true
7 verbose lifecycle dev-api@1.0.0~prestart: PATH: /usr/local/lib/node_modules/npm/bin/node-gyp-bin:/Users/rhinds/Documents/ReactNativeProjects/devAPI/node_modules/.bin:/usr/local/bin:/usr/bin:/bin:/usr/sbin:/sbin
8 verbose lifecycle dev-api@1.0.0~prestart: CWD: /Users/rhinds/Documents/ReactNativeProjects/devAPI
9 silly lifecycle dev-api@1.0.0~prestart: Args: [ '-c', 'babel src/index.js --out-dir dist' ]
10 silly lifecycle dev-api@1.0.0~prestart: Returned: code: 0  signal: null
11 info lifecycle dev-api@1.0.0~start: dev-api@1.0.0
12 verbose lifecycle dev-api@1.0.0~start: unsafe-perm in lifecycle true
13 verbose lifecycle dev-api@1.0.0~start: PATH: /usr/local/lib/node_modules/npm/bin/node-gyp-bin:/Users/rhinds/Documents/ReactNativeProjects/devAPI/node_modules/.bin:/usr/local/bin:/usr/bin:/bin:/usr/sbin:/sbin
14 verbose lifecycle dev-api@1.0.0~start: CWD: /Users/rhinds/Documents/ReactNativeProjects/devAPI
15 silly lifecycle dev-api@1.0.0~start: Args: [ '-c', 'node dist/src/index.js "dev"' ]
16 silly lifecycle dev-api@1.0.0~start: Returned: code: 1  signal: null
17 info lifecycle dev-api@1.0.0~start: Failed to exec start script
18 verbose stack Error: dev-api@1.0.0 start: `node dist/src/index.js "dev"`
18 verbose stack Exit status 1
18 verbose stack     at EventEmitter.<anonymous> (/usr/local/lib/node_modules/npm/lib/utils/lifecycle.js:233:16)
18 verbose stack     at emitTwo (events.js:87:13)
18 verbose stack     at EventEmitter.emit (events.js:172:7)
18 verbose stack     at ChildProcess.<anonymous> (/usr/local/lib/node_modules/npm/lib/utils/spawn.js:24:14)
18 verbose stack     at emitTwo (events.js:87:13)
18 verbose stack     at ChildProcess.emit (events.js:172:7)
18 verbose stack     at maybeClose (internal/child_process.js:818:16)
18 verbose stack     at Process.ChildProcess._handle.onexit (internal/child_process.js:211:5)
19 verbose pkgid dev-api@1.0.0
20 verbose cwd /Users/rhinds/Documents/ReactNativeProjects/devAPI
21 error Darwin 16.4.0
22 error argv "/usr/local/Cellar/node/5.0.0/bin/node" "/usr/local/bin/npm" "start" "dev"
23 error node v5.0.0
24 error npm  v3.3.9
25 error code ELIFECYCLE
26 error dev-api@1.0.0 start: `node dist/src/index.js "dev"`
26 error Exit status 1
27 error Failed at the dev-api@1.0.0 start script 'node dist/src/index.js "dev"'.
27 error This is most likely a problem with the dev-api package,
27 error not with npm itself.
27 error Tell the author that this fails on your system:
27 error     node dist/src/index.js "dev"
27 error You can get their info via:
27 error     npm owner ls dev-api
27 error There is likely additional logging output above.
28 verbose exit [ 1, true ]
