Arguments: 
  /usr/local/lib/node_modules/node/bin/node /usr/local/bin/yarn install moment

PATH: 
  /usr/local/bin:/usr/bin:/bin:/usr/sbin:/sbin:/Users/rhinds/Library/Android/sdk/tools:/Users/rhinds/Library/Android/sdk/platform-tools

Yarn version: 
  1.5.1

Node version: 
  8.3.0

Platform: 
  darwin x64

npm manifest: 
  {
    "name": "dev-api",
    "version": "1.0.0",
    "description": "Development server used for react native projects locally",
    "main": "src/index.js",
    "scripts": {
      "dev": "pm2 start --interpreter babel-node ./src/index.js --watch",
      "prestart": "babel src/index.js --out-dir dist",
      "start": "node dist/src/index.js"
    },
    "engines": {
      "node": "8.3.0",
      "npm": "5.0.4"
    },
    "keywords": [],
    "author": "\"Ricardo Hinds <hindsricardo@gmail.com>",
    "license": "ISC",
    "devDependencies": {
      "babel-cli": "^6.26.0",
      "babel-preset-es2015": "^6.24.1",
      "nodemon": "^1.12.1"
    },
    "babel": {
      "presets": [
        "latest"
      ]
    },
    "dependencies": {
      "@sendgrid/mail": "^6.1.4",
      "binary-to-string": "^0.1.2",
      "cryptr": "^2.0.0",
      "jsonwebtoken": "^7.4.3",
      "lower-case": "^1.1.4",
      "neataptic": "^1.4.7",
      "neo4j-driver": "^1.5.0",
      "node-uuid": "^1.4.8",
      "nodemailer": "^4.4.1",
      "restify": "^6.3.4",
      "seraph": "^0.15.3",
      "simple-node-logger": "^0.93.33",
      "string-to-binary": "^0.1.2",
      "synaptic": "^1.1.4",
      "underscore": "^1.8.3",
      "uuid": "^3.1.0"
    }
  }

yarn manifest: 
  No manifest

Lockfile: 
  No lockfile

Trace: 
  Error: `install` has been replaced with `add` to add new dependencies. Run "yarn add moment" instead.
      at new MessageError (/usr/local/lib/node_modules/yarn/lib/cli.js:186:110)
      at Object.<anonymous> (/usr/local/lib/node_modules/yarn/lib/cli.js:21987:13)
      at Generator.next (<anonymous>)
      at step (/usr/local/lib/node_modules/yarn/lib/cli.js:98:30)
      at /usr/local/lib/node_modules/yarn/lib/cli.js:109:13
      at <anonymous>
